Arguments: 
  C:\Program Files\nodejs\node.exe C:\Users\user\AppData\Roaming\npm\node_modules\yarn\bin\yarn.js add passport-google-oauth20

PATH: 
  C:\Program Files\Common Files\Oracle\Java\javapath;C:\WINDOWS\system32;C:\WINDOWS;C:\WINDOWS\System32\Wbem;C:\WINDOWS\System32\WindowsPowerShell\v1.0\;C:\WINDOWS\System32\OpenSSH\;C:\Users\user\AppData\Local\Pub\Cache\bin;C:\Users\user\.deno\bin\deno.exe;%NVM_HOME%;%NVM_SYMLINK%;C:\Program Files\Docker\Docker\resources\bin;C:\Program Files\Git\cmd;C:\Program Files\MySQL\MySQL Shell 8.0\bin\;C:\Users\user\AppData\Local\Microsoft\WindowsApps;C:\Users\user\AppData\Local\Programs\Microsoft VS Code\bin;C:\Users\user\AppData\Local\Programs\Microsoft VS Code\flutter-bin;C:\Users\user\Desktop\flutter\flutter-bin;C:\Users\user\Desktop\flutter;C:\flutter\bin;C:\Users\user\Desktop\flutter\bin;C:\Program Files\Java\jdk-18.0.2.1\bin;C:\Program Files\MongoDB\Server\6.0\bin;C:\Users\user\AppData\Roaming\npm;C:\Users\user\.deno\bin;C:\Users\user\AppData\Roaming\nvm;C:\Program Files\nodejs

Yarn version: 
  1.22.19

Node version: 
  18.18.2

Platform: 
  win32 x64

Trace: 
  Error: EPERM: operation not permitted, unlink 'C:\Users\user\Desktop\Portfolio Projects\sav-interview\server\node_modules\bcrypt\lib\binding\napi-v3\bcrypt_lib.node'

npm manifest: 
  {
    "name": "server",
    "version": "1.0.0",
    "description": "",
    "main": "index.js",
    "scripts": {
      "test": "echo \"Error: no test specified\" && exit 1",
      "start": "nodemon index.js"
    },
    "author": "",
    "license": "ISC",
    "dependencies": {
      "bcrypt": "^5.1.1",
      "cookie-parser": "^1.4.6",
      "cookie-session": "^2.1.0",
      "cors": "^2.8.5",
      "dotenv": "^16.4.4",
      "express": "^4.18.2",
      "jsonwebtoken": "^9.0.2",
      "mongoose": "^8.1.2",
      "nodemon": "^3.0.3",
      "passport": "^0.7.0"
    }
  }

yarn manifest: 
  No manifest

Lockfile: 
  No lockfile
